<?xml version="1.0" encoding="UTF-8"?>
<!-- Generated by org.testng.reporters.JUnitReportReporter -->
<testsuite hostname="Sewar" failures="0" tests="10" name="DribbleWebsite.DribbleWebsite.AppTest" time="10.971" errors="0" timestamp="2025-06-23T15:33:14 EET" skipped="9">
  <testcase classname="DribbleWebsite.DribbleWebsite.AppTest" name="FooterLinks" time="10.971"/>
  <system-out/>
  <testcase classname="DribbleWebsite.DribbleWebsite.AppTest" name="TypeInSearch">
    <skipped/>
  </testcase> <!-- TypeInSearch -->
  <system-out/>
  <testcase classname="DribbleWebsite.DribbleWebsite.AppTest" name="SaveElementWithoutLogIn">
    <skipped/>
  </testcase> <!-- SaveElementWithoutLogIn -->
  <system-out/>
  <testcase classname="DribbleWebsite.DribbleWebsite.AppTest" name="PopularButton">
    <skipped/>
  </testcase> <!-- PopularButton -->
  <system-out/>
  <testcase classname="DribbleWebsite.DribbleWebsite.AppTest" name="TapOnRandomBlog">
    <skipped/>
  </testcase> <!-- TapOnRandomBlog -->
  <system-out/>
  <testcase classname="DribbleWebsite.DribbleWebsite.AppTest" name="TypeInSearchGibberish">
    <skipped/>
  </testcase> <!-- TypeInSearchGibberish -->
  <system-out/>
  <testcase classname="DribbleWebsite.DribbleWebsite.AppTest" name="Support">
    <skipped/>
  </testcase> <!-- Support -->
  <system-out/>
  <testcase classname="DribbleWebsite.DribbleWebsite.AppTest" name="Filters">
    <skipped/>
  </testcase> <!-- Filters -->
  <system-out/>
  <testcase classname="DribbleWebsite.DribbleWebsite.AppTest" name="Login">
    <skipped/>
  </testcase> <!-- Login -->
  <system-out/>
  <testcase classname="DribbleWebsite.DribbleWebsite.AppTest" name="socialmedialinks">
    <skipped/>
  </testcase> <!-- socialmedialinks -->
  <system-out/>
</testsuite> <!-- DribbleWebsite.DribbleWebsite.AppTest -->
