<?xml version="1.0" encoding="UTF-8"?>
<!-- Generated by org.testng.reporters.JUnitReportReporter -->
<testsuite hostname="Sewar" failures="0" tests="10" name="DribbleWebsite.DribbleWebsite.AppTest" time="5.555" errors="0" timestamp="2025-05-30T03:08:21 EET" skipped="9">
  <testcase classname="DribbleWebsite.DribbleWebsite.AppTest" name="PopularButton" time="5.555"/>
  <system-out/>
  <testcase classname="DribbleWebsite.DribbleWebsite.AppTest" name="Filtersinloginmode">
    <skipped/>
  </testcase> <!-- Filtersinloginmode -->
  <system-out/>
  <testcase classname="DribbleWebsite.DribbleWebsite.AppTest" name="FiltersBar">
    <skipped/>
  </testcase> <!-- FiltersBar -->
  <system-out/>
  <testcase classname="DribbleWebsite.DribbleWebsite.AppTest" name="TypeInSearch">
    <skipped/>
  </testcase> <!-- TypeInSearch -->
  <system-out/>
  <testcase classname="DribbleWebsite.DribbleWebsite.AppTest" name="TypeInSearchGibberish">
    <skipped/>
  </testcase> <!-- TypeInSearchGibberish -->
  <system-out/>
  <testcase classname="DribbleWebsite.DribbleWebsite.AppTest" name="SignUp">
    <skipped/>
  </testcase> <!-- SignUp -->
  <system-out/>
  <testcase classname="DribbleWebsite.DribbleWebsite.AppTest" name="TimeframeFilter">
    <skipped/>
  </testcase> <!-- TimeframeFilter -->
  <system-out/>
  <testcase classname="DribbleWebsite.DribbleWebsite.AppTest" name="LoginP">
    <skipped/>
  </testcase> <!-- LoginP -->
  <system-out/>
  <testcase classname="DribbleWebsite.DribbleWebsite.AppTest" name="Filtersinlogoutmode">
    <skipped/>
  </testcase> <!-- Filtersinlogoutmode -->
  <system-out/>
  <testcase classname="DribbleWebsite.DribbleWebsite.AppTest" name="LoginN">
    <skipped/>
  </testcase> <!-- LoginN -->
  <system-out/>
</testsuite> <!-- DribbleWebsite.DribbleWebsite.AppTest -->
