<?xml version="1.0" encoding="UTF-8"?>
<!-- Generated by org.testng.reporters.JUnitReportReporter -->
<testsuite hostname="Sewar" failures="0" tests="2" name="DribbleWebsite.DribbleWebsite.AppTest" time="10.201" errors="0" timestamp="2025-05-28T03:23:43 EET" skipped="1">
  <testcase classname="DribbleWebsite.DribbleWebsite.AppTest" name="Filters" time="10.201"/>
  <system-out/>
  <testcase classname="DribbleWebsite.DribbleWebsite.AppTest" name="SignUp">
    <skipped/>
  </testcase> <!-- SignUp -->
  <system-out/>
</testsuite> <!-- DribbleWebsite.DribbleWebsite.AppTest -->
